<?xml version="1.0" encoding="UTF-8"?>
<!-- Generated by org.testng.reporters.JUnitReportReporter -->
<testsuite hostname="Sovans-MacBook-Pro.local" failures="0" tests="2" name="practice2.tests.authenticationTest" time="17.599" errors="0" timestamp="2022-12-30T09:42:28 IST" skipped="0">
  <testcase classname="practice2.tests.authenticationTest" name="loginerror" time="8.545"/>
  <system-out/>
  <testcase classname="practice2.tests.authenticationTest" name="loginerror" time="9.054"/>
  <system-out/>
</testsuite> <!-- practice2.tests.authenticationTest -->
